Y-08-06 13:09:07-root-DEBUG-This is a debug message
Y-08-06 13:09:07-root-INFO-This is an info message
Y-08-06 13:09:07-root-WARNING-This is a warning message
Y-08-06 13:09:07-root-ERROR-This is ann error message
Y-08-06 13:09:07-root-CRITICAL-This is a critical message
Y-08-06 13:09:10-root-DEBUG-This is a debug message
Y-08-06 13:09:10-root-INFO-This is an info message
Y-08-06 13:09:10-root-WARNING-This is a warning message
Y-08-06 13:09:10-root-ERROR-This is ann error message
Y-08-06 13:09:10-root-CRITICAL-This is a critical message
Y-08-06 13:10:24-root-DEBUG-This is a debug message
Y-08-06 13:10:24-root-INFO-This is an info message
Y-08-06 13:10:24-root-WARNING-This is a warning message
Y-08-06 13:10:24-root-ERROR-This is ann error message
Y-08-06 13:10:24-root-CRITICAL-This is a critical message
Y-08-06 13:10:38-root-DEBUG-This is a debug message
Y-08-06 13:10:38-root-INFO-This is an info message
Y-08-06 13:10:38-root-WARNING-This is a warning message
Y-08-06 13:10:38-root-ERROR-This is ann error message
Y-08-06 13:10:38-root-CRITICAL-This is a critical message
